<?xml version="1.0" encoding="UTF-8"?>
<!-- Generated by org.testng.reporters.JUnitReportReporter -->
<testsuite hostname="dida" failures="0" tests="2" name="RegressionForPOM.TestWeatherHome" time="1.066" errors="0" timestamp="2023-02-22T15:42:42 CST" skipped="0">
  <testcase classname="RegressionForPOM.TestWeatherHome" name="f" time="0.722"/>
  <system-out/>
  <testcase classname="RegressionForPOM.TestWeatherHome" name="b" time="0.344"/>
  <system-out/>
</testsuite> <!-- RegressionForPOM.TestWeatherHome -->
