<?xml version="1.0" encoding="UTF-8"?>
<!-- Generated by org.testng.reporters.JUnitReportReporter -->
<testsuite hostname="dida" failures="0" tests="2" name="Com.TestNGFramwork.TestNGPractice.TestNGAmazon" time="12.277" errors="0" timestamp="2023-02-25T11:51:30 CST" skipped="0">
  <testcase classname="Com.TestNGFramwork.TestNGPractice.TestNGAmazon" name="testTwo" time="9.274"/>
  <system-out/>
  <testcase classname="Com.TestNGFramwork.TestNGPractice.TestNGAmazon" name="testOne" time="3.003"/>
  <system-out/>
</testsuite> <!-- Com.TestNGFramwork.TestNGPractice.TestNGAmazon -->
