<?xml version="1.0" encoding="UTF-8"?>
<!-- Generated by org.testng.reporters.JUnitReportReporter -->
<testsuite hostname="dida" failures="0" tests="2" name="Com.TestNGFramwork.TestNGPractice.FirstTest" time="10.954" errors="0" timestamp="2023-02-17T12:32:45 CST" skipped="0">
  <testcase classname="Com.TestNGFramwork.TestNGPractice.FirstTest" name="testTwo" time="7.951"/>
  <system-out/>
  <testcase classname="Com.TestNGFramwork.TestNGPractice.FirstTest" name="testOne" time="3.003"/>
  <system-out/>
</testsuite> <!-- Com.TestNGFramwork.TestNGPractice.FirstTest -->
